# JRE version: Java(TM) SE Runtime Environment (8.0_102-b14) (build 1.8.0_102-b14)
# Java VM: Java HotSpot(TM) 64-Bit Server VM (25.102-b14 mixed mode bsd-amd64 compressed oops)
Heap:
 PSYoungGen      total 38400K, used 14321K [0x0000000795580000, 0x0000000798000000, 0x00000007c0000000)
  eden space 33280K, 27% used [0x0000000795580000,0x0000000795e808b8,0x0000000797600000)
  from space 5120K, 99% used [0x0000000797600000,0x0000000797afbbd0,0x0000000797b00000)
  to   space 5120K, 0% used [0x0000000797b00000,0x0000000797b00000,0x0000000798000000)
 ParOldGen       total 49152K, used 11870K [0x0000000740000000, 0x0000000743000000, 0x0000000795580000)
  object space 49152K, 24% used [0x0000000740000000,0x0000000740b97b70,0x0000000743000000)
 Metaspace       used 23779K, capacity 24401K, committed 24704K, reserved 1071104K
  class space    used 2735K, capacity 2919K, committed 2944K, reserved 1048576K
GC Heap History (8 events):
Event: 10.166 GC heap before
{Heap before GC invocations=1 (full 0):
 PSYoungGen      total 38400K, used 33280K [0x0000000795580000, 0x0000000798000000, 0x00000007c0000000)
  eden space 33280K, 100% used [0x0000000795580000,0x0000000797600000,0x0000000797600000)
  from space 5120K, 0% used [0x0000000797b00000,0x0000000797b00000,0x0000000798000000)
  to   space 5120K, 0% used [0x0000000797600000,0x0000000797600000,0x0000000797b00000)
 ParOldGen       total 87552K, used 0K [0x0000000740000000, 0x0000000745580000, 0x0000000795580000)
  object space 87552K, 0% used [0x0000000740000000,0x0000000740000000,0x0000000745580000)
 Metaspace       used 13910K, capacity 14476K, committed 14592K, reserved 1062912K
  class space    used 1836K, capacity 1978K, committed 2048K, reserved 1048576K
Event: 10.181 GC heap after
Heap after GC invocations=1 (full 0):
 PSYoungGen      total 38400K, used 5099K [0x0000000795580000, 0x0000000798000000, 0x00000007c0000000)
  eden space 33280K, 0% used [0x0000000795580000,0x0000000795580000,0x0000000797600000)
  from space 5120K, 99% used [0x0000000797600000,0x0000000797afaf88,0x0000000797b00000)
  to   space 5120K, 0% used [0x0000000797b00000,0x0000000797b00000,0x0000000798000000)
 ParOldGen       total 87552K, used 3104K [0x0000000740000000, 0x0000000745580000, 0x0000000795580000)
  object space 87552K, 3% used [0x0000000740000000,0x0000000740308030,0x0000000745580000)
 Metaspace       used 13910K, capacity 14476K, committed 14592K, reserved 1062912K
  class space    used 1836K, capacity 1978K, committed 2048K, reserved 1048576K
}
Event: 14.813 GC heap before
{Heap before GC invocations=2 (full 0):
 PSYoungGen      total 38400K, used 33285K [0x0000000795580000, 0x0000000798000000, 0x00000007c0000000)
  eden space 33280K, 84% used [0x0000000795580000,0x00000007971064b8,0x0000000797600000)
  from space 5120K, 99% used [0x0000000797600000,0x0000000797afaf88,0x0000000797b00000)
  to   space 5120K, 0% used [0x0000000797b00000,0x0000000797b00000,0x0000000798000000)
 ParOldGen       total 87552K, used 3104K [0x0000000740000000, 0x0000000745580000, 0x0000000795580000)
  object space 87552K, 3% used [0x0000000740000000,0x0000000740308030,0x0000000745580000)
 Metaspace       used 20567K, capacity 21139K, committed 21296K, reserved 1069056K
  class space    used 2432K, capacity 2626K, committed 2688K, reserved 1048576K
Event: 14.826 GC heap after
Heap after GC invocations=2 (full 0):
 PSYoungGen      total 38400K, used 5094K [0x0000000795580000, 0x0000000798000000, 0x00000007c0000000)
  eden space 33280K, 0% used [0x0000000795580000,0x0000000795580000,0x0000000797600000)
  from space 5120K, 99% used [0x0000000797b00000,0x0000000797ff9bd8,0x0000000798000000)
  to   space 5120K, 0% used [0x0000000797600000,0x0000000797600000,0x0000000797b00000)
 ParOldGen       total 87552K, used 7154K [0x0000000740000000, 0x0000000745580000, 0x0000000795580000)
  object space 87552K, 8% used [0x0000000740000000,0x00000007406fcb98,0x0000000745580000)
 Metaspace       used 20567K, capacity 21139K, committed 21296K, reserved 1069056K
  class space    used 2432K, capacity 2626K, committed 2688K, reserved 1048576K
}
Event: 14.826 GC heap before
{Heap before GC invocations=3 (full 1):
 PSYoungGen      total 38400K, used 5094K [0x0000000795580000, 0x0000000798000000, 0x00000007c0000000)
  eden space 33280K, 0% used [0x0000000795580000,0x0000000795580000,0x0000000797600000)
  from space 5120K, 99% used [0x0000000797b00000,0x0000000797ff9bd8,0x0000000798000000)
  to   space 5120K, 0% used [0x0000000797600000,0x0000000797600000,0x0000000797b00000)
 ParOldGen       total 87552K, used 7154K [0x0000000740000000, 0x0000000745580000, 0x0000000795580000)
  object space 87552K, 8% used [0x0000000740000000,0x00000007406fcb98,0x0000000745580000)
 Metaspace       used 20567K, capacity 21139K, committed 21296K, reserved 1069056K
  class space    used 2432K, capacity 2626K, committed 2688K, reserved 1048576K
Event: 14.867 GC heap after
Heap after GC invocations=3 (full 1):
 PSYoungGen      total 38400K, used 0K [0x0000000795580000, 0x0000000798000000, 0x00000007c0000000)
  eden space 33280K, 0% used [0x0000000795580000,0x0000000795580000,0x0000000797600000)
  from space 5120K, 0% used [0x0000000797b00000,0x0000000797b00000,0x0000000798000000)
  to   space 5120K, 0% used [0x0000000797600000,0x0000000797600000,0x0000000797b00000)
 ParOldGen       total 49152K, used 11375K [0x0000000740000000, 0x0000000743000000, 0x0000000795580000)
  object space 49152K, 23% used [0x0000000740000000,0x0000000740b1be10,0x0000000743000000)
 Metaspace       used 20567K, capacity 21139K, committed 21296K, reserved 1069056K
  class space    used 2432K, capacity 2626K, committed 2688K, reserved 1048576K
}
Event: 15.855 GC heap before
{Heap before GC invocations=4 (full 1):
 PSYoungGen      total 38400K, used 33280K [0x0000000795580000, 0x0000000798000000, 0x00000007c0000000)
  eden space 33280K, 100% used [0x0000000795580000,0x0000000797600000,0x0000000797600000)
  from space 5120K, 0% used [0x0000000797b00000,0x0000000797b00000,0x0000000798000000)
  to   space 5120K, 0% used [0x0000000797600000,0x0000000797600000,0x0000000797b00000)
 ParOldGen       total 49152K, used 11375K [0x0000000740000000, 0x0000000743000000, 0x0000000795580000)
  object space 49152K, 23% used [0x0000000740000000,0x0000000740b1be10,0x0000000743000000)
 Metaspace       used 23179K, capacity 23781K, committed 23936K, reserved 1071104K
  class space    used 2698K, capacity 2885K, committed 2944K, reserved 1048576K
Event: 15.861 GC heap after
Heap after GC invocations=4 (full 1):
 PSYoungGen      total 38400K, used 5102K [0x0000000795580000, 0x0000000798000000, 0x00000007c0000000)
  eden space 33280K, 0% used [0x0000000795580000,0x0000000795580000,0x0000000797600000)
  from space 5120K, 99% used [0x0000000797600000,0x0000000797afbbd0,0x0000000797b00000)
  to   space 5120K, 0% used [0x0000000797b00000,0x0000000797b00000,0x0000000798000000)
 ParOldGen       total 49152K, used 11870K [0x0000000740000000, 0x0000000743000000, 0x0000000795580000)
  object space 49152K, 24% used [0x0000000740000000,0x0000000740b97b70,0x0000000743000000)
 Metaspace       used 23179K, capacity 23781K, committed 23936K, reserved 1071104K
  class space    used 2698K, capacity 2885K, committed 2944K, reserved 1048576K
}

